#
# A fatal error has been detected by the Java Runtime Environment:
#
#  SIGSEGV (0xb) at pc=0x000000010e1a92f9, pid=20333, tid=0x0000000000002903
#
# JRE version: Java(TM) SE Runtime Environment (8.0_101-b13) (build 1.8.0_101-b13)
# Java VM: Java HotSpot(TM) 64-Bit Server VM (25.101-b13 mixed mode bsd-amd64 compressed oops)
# Problematic frame:
# V  [libjvm.dylib+0x1a92f9]  oopDesc::size()+0x2d
#
# Failed to write core dump. Core dumps have been disabled. To enable core dumping, try "ulimit -c unlimited" before starting Java again
#
# If you would like to submit a bug report, please visit:
#   http://bugreport.java.com/bugreport/crash.jsp
#

---------------  T H R E A D  ---------------

Current thread (0x00007fbce482e000):  VMThread [stack: 0x0000000122768000,0x0000000122868000] [id=10499]

siginfo: si_signo: 11 (SIGSEGV), si_code: 1 (SEGV_MAPERR), si_addr: 0x0000000263a32b60

Registers:
RAX=0x000000010e83aab0, RBX=0x00007fbce3d28550, RCX=0x00000000000f7403, RDX=0x00000000007ba101
RSP=0x0000000122867290, RBP=0x0000000122867290, RSI=0x0000000783dd0fd8, RDI=0x0000000263a32b58
R8 =0x000000000000003b, R9 =0x000000000000eb9f, R10=0x0020208482048201, R11=0x0001000000000000
R12=0x0000000781dd0fd4, R13=0x0000000781dd0fd8, R14=0x0000000783dd0fd8, R15=0x00000007c07943c8
RIP=0x000000010e1a92f9, EFLAGS=0x0000000000010202, ERR=0x0000000000000004
  TRAPNO=0x000000000000000e

Top of Stack: (sp=0x0000000122867290)
0x0000000122867290:   00000001228672c0 000000010e2c23b0
0x00000001228672a0:   00007fbce3d28550 00007fbce3d28550
0x00000001228672b0:   00000007c07943c0 00000007c07943c8
0x00000001228672c0:   0000000122867310 000000010e2beda5
0x00000001228672d0:   00007fbce3d28550 0000000781dd0fa8
0x00000001228672e0:   00000007801a7e58 00007fbce3d28550
0x00000001228672f0:   0000000781dd0fa8 0000000785ff6968
0x0000000122867300:   00007fbce3d28558 000000010e83aab0
0x0000000122867310:   00000001228673a0 000000010e4ba7d4
0x0000000122867320:   0000000000000000 00007fbce3d28590
0x0000000122867330:   00007fbce3d285d8 00007fbce3d28610
0x0000000122867340:   0000000000000000 0000000100000000
0x0000000122867350:   0000000781dd0fa8 0000000122867398
0x0000000122867360:   00007fbce3d28550 00007fbce3d28550
0x0000000122867370:   00000001228673a0 0000000122867738
0x0000000122867380:   0000000000000000 0000000785ff6968
0x0000000122867390:   0000000785ff6980 00007fbce3d27801
0x00000001228673a0:   0000000122867410 000000010e4ccf6b
0x00000001228673b0:   0000000122867728 00000000b43dafc8
0x00000001228673c0:   00007fbce3d29e90 00007fbce4227000
0x00000001228673d0:   00007fbce42274c0 00007fbce422efe8
0x00000001228673e0:   00000000000083b0 0000000122867738
0x00000001228673f0:   000000000000041a 0000000000000001
0x0000000122867400:   000000010e8edce0 00007fbce3d278c0
0x0000000122867410:   00000001228674d0 000000010e4cd169
0x0000000122867420:   0000000000000000 0000000122868000
0x0000000122867430:   0000000000000000 00007fbce3d279f0
0x0000000122867440:   0000000122867490 000000010e276148
0x0000000122867450:   000000010e81ea80 000000010e611fc6
0x0000000122867460:   0000000100000003 000002f4eed79e26
0x0000000122867470:   0000075fd7361114 0000000000000000
0x0000000122867480:   0000000000000000 0000000000000034 

Instructions: (pc=0x000000010e1a92f9)
0x000000010e1a92d9:   84 d2 48 89 fe 74 15 48 8d 05 c9 17 69 00 8a 48
0x000000010e1a92e9:   08 8b 7e 08 48 d3 e7 48 03 38 eb 04 48 8b 7e 08
0x000000010e1a92f9:   8b 47 08 85 c0 7e 09 a8 01 75 4e c1 f8 03 eb 47
0x000000010e1a9309:   85 c0 7f 43 85 c0 79 41 84 d2 0f 94 c1 0f b6 c9 

Register to memory mapping:

RAX=0x000000010e83aab0: _ZN8Universe13_narrow_klassE+0 in /Library/Java/JavaVirtualMachines/jdk1.8.0_101.jdk/Contents/Home/jre/lib/server/libjvm.dylib at 0x000000010e000000
RBX=0x00007fbce3d28550 is an unknown value
RCX=0x00000000000f7403 is an unknown value
RDX=0x00000000007ba101 is an unknown value
RSP=0x0000000122867290 is an unknown value
RBP=0x0000000122867290 is an unknown value
RSI=0x0000000783dd0fd8 is pointing into object: 0x0000000783dc8770
[B 
 - klass: {type array byte}
 - length: 81921
RDI=0x0000000263a32b58 is an unknown value
R8 =0x000000000000003b is an unknown value
R9 =0x000000000000eb9f is an unknown value
R10=0x0020208482048201 is an unknown value
R11=0x0001000000000000 is an unknown value
R12=0x0000000781dd0fd4 is pointing into object: 0x0000000781dd0fa8
com.sun.tools.javac.file.ZipFileIndex$Entry 
 - klass: 'com/sun/tools/javac/file/ZipFileIndex$Entry'
R13=0x0000000781dd0fd8 is an oop
java.lang.String 
 - klass: 'java/lang/String'
R14=0x0000000783dd0fd8 is pointing into object: 0x0000000783dc8770
[B 
 - klass: {type array byte}
 - length: 81921
R15=0x00000007c07943c8 is pointing into metadata


Stack: [0x0000000122768000,0x0000000122868000],  sp=0x0000000122867290,  free space=1020k
Native frames: (J=compiled Java code, j=interpreted, Vv=VM code, C=native code)
V  [libjvm.dylib+0x1a92f9]  oopDesc::size()+0x2d
V  [libjvm.dylib+0x2c23b0]  void PSParallelCompact::mark_and_push<unsigned int>(ParCompactionManager*, unsigned int*)+0x6a
V  [libjvm.dylib+0x2beda5]  InstanceKlass::oop_follow_contents(ParCompactionManager*, oopDesc*)+0x10d
V  [libjvm.dylib+0x4ba7d4]  ParCompactionManager::follow_marking_stacks()+0xb4
V  [libjvm.dylib+0x4ccf6b]  ReferenceProcessor::process_phase3(DiscoveredList&, bool, BoolObjectClosure*, OopClosure*, VoidClosure*)+0x131
V  [libjvm.dylib+0x4cd169]  ReferenceProcessor::process_discovered_reflist(DiscoveredList*, ReferencePolicy*, bool, BoolObjectClosure*, OopClosure*, VoidClosure*, AbstractRefProcTaskExecutor*)+0x1e5
V  [libjvm.dylib+0x4cd745]  ReferenceProcessor::process_discovered_references(BoolObjectClosure*, OopClosure*, VoidClosure*, AbstractRefProcTaskExecutor*, GCTimer*, GCId)+0x177
V  [libjvm.dylib+0x4c2938]  PSParallelCompact::marking_phase(ParCompactionManager*, bool, ParallelOldTracer*)+0x498
V  [libjvm.dylib+0x4c3ebb]  PSParallelCompact::invoke_no_policy(bool)+0x41b
V  [libjvm.dylib+0x4c84dc]  PSScavenge::invoke()+0xd6
V  [libjvm.dylib+0x49b675]  ParallelScavengeHeap::failed_mem_allocate(unsigned long)+0x27
V  [libjvm.dylib+0x5afd08]  VM_ParallelGCFailedAllocation::doit()+0x4a
V  [libjvm.dylib+0x5b64c9]  VM_Operation::evaluate()+0x4f
V  [libjvm.dylib+0x5b4b35]  VMThread::evaluate_operation(VM_Operation*)+0xdf
V  [libjvm.dylib+0x5b4f82]  VMThread::loop()+0x328
V  [libjvm.dylib+0x5b48a1]  VMThread::run()+0x79
V  [libjvm.dylib+0x48933a]  java_start(Thread*)+0xf6
C  [libsystem_pthread.dylib+0x3268]  _pthread_body+0x83
C  [libsystem_pthread.dylib+0x31e5]  _pthread_body+0x0
C  [libsystem_pthread.dylib+0x141d]  thread_start+0xd

VM_Operation (0x0000000126c6d728): ParallelGCFailedAllocation, mode: safepoint, requested by thread 0x00007fbce5596000


---------------  P R O C E S S  ---------------

Java Threads: ( => current thread )
  0x00007fbce56ae800 JavaThread "process reaper" daemon [_thread_blocked, id=62979, stack(0x0000000125679000,0x00000001256a1000)]
  0x00007fbce6ff7000 JavaThread "process reaper" daemon [_thread_blocked, id=38455, stack(0x0000000125abc000,0x0000000125ae4000)]
  0x00007fbce4f7c800 JavaThread "process reaper" daemon [_thread_blocked, id=26967, stack(0x0000000125a10000,0x0000000125a38000)]
  0x00007fbce6e71800 JavaThread "process reaper" daemon [_thread_blocked, id=34371, stack(0x0000000125090000,0x00000001250b8000)]
  0x00007fbce56b2000 JavaThread "pool-21-thread-4" [_thread_blocked, id=21027, stack(0x000000012a969000,0x000000012aa69000)]
  0x00007fbce56b1000 JavaThread "pool-21-thread-3" [_thread_blocked, id=19999, stack(0x000000012a866000,0x000000012a966000)]
  0x00007fbce9dcc800 JavaThread "pool-21-thread-2" [_thread_blocked, id=28207, stack(0x000000012a763000,0x000000012a863000)]
  0x00007fbce9dcb800 JavaThread "pool-21-thread-1" [_thread_blocked, id=27943, stack(0x0000000129aa9000,0x0000000129ba9000)]
  0x00007fbce5598000 JavaThread "Asynchronous log dispatcher for org.gradle.launcher.daemon.server.DefaultDaemonConnection@585ffdf4" [_thread_blocked, id=36115, stack(0x00000001273e0000,0x00000001274e0000)]
  0x00007fbce5596000 JavaThread "Daemon worker Thread 5" [_thread_blocked, id=21807, stack(0x0000000126b71000,0x0000000126c71000)]
  0x00007fbce5027000 JavaThread "Cancel handler" [_thread_blocked, id=22303, stack(0x00000001267d9000,0x00000001268d9000)]
  0x00007fbce8364000 JavaThread "Handler for socket connection from /127.0.0.1:56802 to /127.0.0.1:58324" [_thread_in_native, id=14615, stack(0x0000000126484000,0x0000000126584000)]
  0x00007fbce8e27800 JavaThread "Daemon Thread 5" [_thread_blocked, id=12831, stack(0x0000000125aef000,0x0000000125bef000)]
  0x00007fbce964f800 JavaThread "pool-4-thread-4" [_thread_blocked, id=24083, stack(0x000000012a660000,0x000000012a760000)]
  0x00007fbcea26a800 JavaThread "pool-4-thread-2" [_thread_blocked, id=26115, stack(0x0000000129d5d000,0x0000000129e5d000)]
  0x00007fbce8689800 JavaThread "pool-4-thread-3" [_thread_blocked, id=25603, stack(0x0000000129c5a000,0x0000000129d5a000)]
  0x00007fbcea268000 JavaThread "pool-4-thread-1" [_thread_blocked, id=25091, stack(0x0000000129307000,0x0000000129407000)]
  0x00007fbce5181000 JavaThread "pool-2-thread-1" [_thread_blocked, id=23043, stack(0x0000000126381000,0x0000000126481000)]
  0x00007fbce48b3800 JavaThread "File lock request listener" [_thread_in_native, id=13063, stack(0x0000000126edd000,0x0000000126fdd000)]
  0x00007fbce41d7000 JavaThread "Incoming local TCP Connector on port 56802" [_thread_in_native, id=19459, stack(0x00000001252f5000,0x00000001253f5000)]
  0x00007fbce444b000 JavaThread "pool-1-thread-1" [_thread_blocked, id=18947, stack(0x00000001251f2000,0x00000001252f2000)]
  0x00007fbce5001000 JavaThread "Service Thread" daemon [_thread_blocked, id=17923, stack(0x0000000124637000,0x0000000124737000)]
  0x00007fbce4878000 JavaThread "C1 CompilerThread2" daemon [_thread_blocked, id=17411, stack(0x0000000124534000,0x0000000124634000)]
  0x00007fbce4841000 JavaThread "C2 CompilerThread1" daemon [_thread_blocked, id=16899, stack(0x0000000124431000,0x0000000124531000)]
  0x00007fbce4840800 JavaThread "C2 CompilerThread0" daemon [_thread_blocked, id=16143, stack(0x000000012432e000,0x000000012442e000)]
  0x00007fbce4035800 JavaThread "Signal Dispatcher" daemon [_thread_blocked, id=12307, stack(0x000000012422b000,0x000000012432b000)]
  0x00007fbce4049000 JavaThread "Finalizer" daemon [_thread_blocked, id=11523, stack(0x000000012296e000,0x0000000122a6e000)]
  0x00007fbce4046000 JavaThread "Reference Handler" daemon [_thread_blocked, id=11011, stack(0x000000012286b000,0x000000012296b000)]
  0x00007fbce4009000 JavaThread "main" [_thread_blocked, id=4867, stack(0x000000010d65d000,0x000000010d75d000)]

Other Threads:
=>0x00007fbce482e000 VMThread [stack: 0x0000000122768000,0x0000000122868000] [id=10499]
  0x00007fbce4034000 WatcherThread [stack: 0x000000012473a000,0x000000012483a000] [id=18435]

VM state:at safepoint (normal execution)

VM Mutex/Monitor currently owned by a thread:  ([mutex/lock_event])
[0x00007fbce3d1e910] Threads_lock - owner thread: 0x00007fbce482e000
[0x00007fbce3d1ee10] Heap_lock - owner thread: 0x00007fbce5596000

Heap:
 PSYoungGen      total 257024K, used 228143K [0x00000007aab00000, 0x00000007c0000000, 0x00000007c0000000)
  eden space 175104K, 100% used [0x00000007aab00000,0x00000007b5600000,0x00000007b5600000)
  from space 81920K, 64% used [0x00000007bab80000,0x00000007bdf4bcc0,0x00000007bfb80000)
  to   space 87040K, 0% used [0x00000007b5600000,0x00000007b5600000,0x00000007bab00000)
 ParOldGen       total 209920K, used 194327K [0x0000000780000000, 0x000000078cd00000, 0x00000007aab00000)
  object space 209920K, 92% used [0x0000000780000000,0x000000078bdc5fb8,0x000000078cd00000)
 Metaspace       used 74405K, capacity 77798K, committed 77912K, reserved 1118208K
  class space    used 9564K, capacity 10109K, committed 10112K, reserved 1048576K

Card table byte_map: [0x000000011e35d000,0x000000011e55e000] byte_map_base: 0x000000011a75d000

Marking Bits: (ParMarkBitMap*) 0x000000010e8edd20
 Begin Bits: [0x000000011eac0000, 0x000000011fac0000)
 End Bits:   [0x000000011fac0000, 0x0000000120ac0000)

Polling page: 0x000000010d7a2000

CodeCache: size=245760Kb used=57930Kb max_used=59144Kb free=187829Kb
 bounds [0x000000010ef9d000, 0x00000001129cd000, 0x000000011df9d000]
 total_blobs=16137 nmethods=15377 adapters=671
 compilation: enabled

Compilation events (10 events):
Event: 3250.895 Thread 0x00007fbce4840800 20867       4       com.android.builder.internal.packaging.zip.FileUseMap::before (19 bytes)
Event: 3250.896 Thread 0x00007fbce4841000 20868       4       java.nio.ByteBuffer::wrap (8 bytes)
Event: 3250.896 Thread 0x00007fbce4878000 20869       3       com.android.builder.internal.packaging.zip.FileUseMap::remove (58 bytes)
Event: 3250.899 Thread 0x00007fbce4878000 nmethod 20869 0x0000000112093290 code [0x00000001120935a0, 0x0000000112094b38]
Event: 3250.899 Thread 0x00007fbce4878000 20870       3       com.android.builder.internal.packaging.zip.AlignmentRules$$Lambda$205/551050042::alignment (9 bytes)
Event: 3250.899 Thread 0x00007fbce4841000 nmethod 20868 0x0000000110bd19d0 code [0x0000000110bd1b20, 0x0000000110bd1c58]
Event: 3250.899 Thread 0x00007fbce4878000 nmethod 20870 0x0000000110c8d810 code [0x0000000110c8d980, 0x0000000110c8db30]
Event: 3250.899 Thread 0x00007fbce4878000 20871       3       com.android.builder.internal.packaging.zip.AlignmentRules::lambda$constant$0 (2 bytes)
Event: 3250.900 Thread 0x00007fbce4878000 nmethod 20871 0x0000000111a49a90 code [0x0000000111a49be0, 0x0000000111a49d10]
Event: 3250.901 Thread 0x00007fbce4840800 nmethod 20867 0x0000000110b7fed0 code [0x0000000110b80040, 0x0000000110b802d8]

GC Heap History (10 events):
Event: 3138.364 GC heap after
Heap after GC invocations=48 (full 10):
 PSYoungGen      total 241152K, used 59378K [0x00000007aab00000, 0x00000007c0000000, 0x00000007c0000000)
  eden space 181760K, 0% used [0x00000007aab00000,0x00000007aab00000,0x00000007b5c80000)
  from space 59392K, 99% used [0x00000007bac80000,0x00000007be67ca78,0x00000007be680000)
  to   space 81920K, 0% used [0x00000007b5c80000,0x00000007b5c80000,0x00000007bac80000)
 ParOldGen       total 146944K, used 72540K [0x0000000780000000, 0x0000000788f80000, 0x00000007aab00000)
  object space 146944K, 49% used [0x0000000780000000,0x00000007846d7040,0x0000000788f80000)
 Metaspace       used 72977K, capacity 76252K, committed 76504K, reserved 1116160K
  class space    used 9330K, capacity 9874K, committed 9984K, reserved 1048576K
}
Event: 3138.466 GC heap before
{Heap before GC invocations=49 (full 10):
 PSYoungGen      total 241152K, used 240468K [0x00000007aab00000, 0x00000007c0000000, 0x00000007c0000000)
  eden space 181760K, 99% used [0x00000007aab00000,0x00000007b5bd8638,0x00000007b5c80000)
  from space 59392K, 99% used [0x00000007bac80000,0x00000007be67ca78,0x00000007be680000)
  to   space 81920K, 0% used [0x00000007b5c80000,0x00000007b5c80000,0x00000007bac80000)
 ParOldGen       total 146944K, used 72540K [0x0000000780000000, 0x0000000788f80000, 0x00000007aab00000)
  object space 146944K, 49% used [0x0000000780000000,0x00000007846d7040,0x0000000788f80000)
 Metaspace       used 72989K, capacity 76318K, committed 76504K, reserved 1116160K
  class space    used 9331K, capacity 9875K, committed 9984K, reserved 1048576K
Event: 3138.514 GC heap after
Heap after GC invocations=49 (full 10):
 PSYoungGen      total 263680K, used 49246K [0x00000007aab00000, 0x00000007c0000000, 0x00000007c0000000)
  eden space 181760K, 0% used [0x00000007aab00000,0x00000007aab00000,0x00000007b5c80000)
  from space 81920K, 60% used [0x00000007b5c80000,0x00000007b8c97b48,0x00000007bac80000)
  to   space 84480K, 0% used [0x00000007bad80000,0x00000007bad80000,0x00000007c0000000)
 ParOldGen       total 146944K, used 78803K [0x0000000780000000, 0x0000000788f80000, 0x00000007aab00000)
  object space 146944K, 53% used [0x0000000780000000,0x0000000784cf4d88,0x0000000788f80000)
 Metaspace       used 72989K, capacity 76318K, committed 76504K, reserved 1116160K
  class space    used 9331K, capacity 9875K, committed 9984K, reserved 1048576K
}
Event: 3138.985 GC heap before
{Heap before GC invocations=50 (full 10):
 PSYoungGen      total 263680K, used 230974K [0x00000007aab00000, 0x00000007c0000000, 0x00000007c0000000)
  eden space 181760K, 99% used [0x00000007aab00000,0x00000007b5c77f48,0x00000007b5c80000)
  from space 81920K, 60% used [0x00000007b5c80000,0x00000007b8c97b48,0x00000007bac80000)
  to   space 84480K, 0% used [0x00000007bad80000,0x00000007bad80000,0x00000007c0000000)
 ParOldGen       total 146944K, used 78803K [0x0000000780000000, 0x0000000788f80000, 0x00000007aab00000)
  object space 146944K, 53% used [0x0000000780000000,0x0000000784cf4d88,0x0000000788f80000)
 Metaspace       used 72990K, capacity 76318K, committed 76504K, reserved 1116160K
  class space    used 9331K, capacity 9875K, committed 9984K, reserved 1048576K
Event: 3139.063 GC heap after
Heap after GC invocations=50 (full 10):
 PSYoungGen      total 265216K, used 192K [0x00000007aab00000, 0x00000007c0000000, 0x00000007c0000000)
  eden space 180736K, 0% used [0x00000007aab00000,0x00000007aab00000,0x00000007b5b80000)
  from space 84480K, 0% used [0x00000007bad80000,0x00000007badb0000,0x00000007c0000000)
  to   space 83968K, 0% used [0x00000007b5b80000,0x00000007b5b80000,0x00000007bad80000)
 ParOldGen       total 146944K, used 98522K [0x0000000780000000, 0x0000000788f80000, 0x00000007aab00000)
  object space 146944K, 67% used [0x0000000780000000,0x0000000786036bc0,0x0000000788f80000)
 Metaspace       used 72990K, capacity 76318K, committed 76504K, reserved 1116160K
  class space    used 9331K, capacity 9875K, committed 9984K, reserved 1048576K
}
Event: 3162.775 GC heap before
{Heap before GC invocations=51 (full 10):
 PSYoungGen      total 265216K, used 180928K [0x00000007aab00000, 0x00000007c0000000, 0x00000007c0000000)
  eden space 180736K, 100% used [0x00000007aab00000,0x00000007b5b80000,0x00000007b5b80000)
  from space 84480K, 0% used [0x00000007bad80000,0x00000007badb0000,0x00000007c0000000)
  to   space 83968K, 0% used [0x00000007b5b80000,0x00000007b5b80000,0x00000007bad80000)
 ParOldGen       total 146944K, used 98522K [0x0000000780000000, 0x0000000788f80000, 0x00000007aab00000)
  object space 146944K, 67% used [0x0000000780000000,0x0000000786036bc0,0x0000000788f80000)
 Metaspace       used 74313K, capacity 77726K, committed 77912K, reserved 1118208K
  class space    used 9564K, capacity 10109K, committed 10112K, reserved 1048576K
Event: 3162.796 GC heap after
Heap after GC invocations=51 (full 10):
 PSYoungGen      total 185856K, used 4643K [0x00000007aab00000, 0x00000007bfb80000, 0x00000007c0000000)
  eden space 180736K, 0% used [0x00000007aab00000,0x00000007aab00000,0x00000007b5b80000)
  from space 5120K, 90% used [0x00000007b5b80000,0x00000007b6008d78,0x00000007b6080000)
  to   space 81920K, 0% used [0x00000007bab80000,0x00000007bab80000,0x00000007bfb80000)
 ParOldGen       total 146944K, used 98594K [0x0000000780000000, 0x0000000788f80000, 0x00000007aab00000)
  object space 146944K, 67% used [0x0000000780000000,0x0000000786048bc0,0x0000000788f80000)
 Metaspace       used 74313K, capacity 77726K, committed 77912K, reserved 1118208K
  class space    used 9564K, capacity 10109K, committed 10112K, reserved 1048576K
}
Event: 3249.709 GC heap before
{Heap before GC invocations=52 (full 10):
 PSYoungGen      total 185856K, used 184572K [0x00000007aab00000, 0x00000007bfb80000, 0x00000007c0000000)
  eden space 180736K, 99% used [0x00000007aab00000,0x00000007b5ab6310,0x00000007b5b80000)
  from space 5120K, 90% used [0x00000007b5b80000,0x00000007b6008d78,0x00000007b6080000)
  to   space 81920K, 0% used [0x00000007bab80000,0x00000007bab80000,0x00000007bfb80000)
 ParOldGen       total 146944K, used 100642K [0x0000000780000000, 0x0000000788f80000, 0x00000007aab00000)
  object space 146944K, 68% used [0x0000000780000000,0x0000000786248bd0,0x0000000788f80000)
 Metaspace       used 74372K, capacity 77726K, committed 77912K, reserved 1118208K
  class space    used 9564K, capacity 10109K, committed 10112K, reserved 1048576K
Event: 3249.793 GC heap after
Heap after GC invocations=52 (full 10):
 PSYoungGen      total 257024K, used 53039K [0x00000007aab00000, 0x00000007c0000000, 0x00000007c0000000)
  eden space 175104K, 0% used [0x00000007aab00000,0x00000007aab00000,0x00000007b5600000)
  from space 81920K, 64% used [0x00000007bab80000,0x00000007bdf4bcc0,0x00000007bfb80000)
  to   space 87040K, 0% used [0x00000007b5600000,0x00000007b5600000,0x00000007bab00000)
 ParOldGen       total 146944K, used 101414K [0x0000000780000000, 0x0000000788f80000, 0x00000007aab00000)
  object space 146944K, 69% used [0x0000000780000000,0x0000000786309bc0,0x0000000788f80000)
 Metaspace       used 74372K, capacity 77726K, committed 77912K, reserved 1118208K
  class space    used 9564K, capacity 10109K, committed 10112K, reserved 1048576K
}
Event: 3250.906 GC heap before
{Heap before GC invocations=53 (full 11):
 PSYoungGen      total 257024K, used 228143K [0x00000007aab00000, 0x00000007c0000000, 0x00000007c0000000)
  eden space 175104K, 100% used [0x00000007aab00000,0x00000007b5600000,0x00000007b5600000)
  from space 81920K, 64% used [0x00000007bab80000,0x00000007bdf4bcc0,0x00000007bfb80000)
  to   space 87040K, 0% used [0x00000007b5600000,0x00000007b5600000,0x00000007bab00000)
 ParOldGen       total 209920K, used 194327K [0x0000000780000000, 0x000000078cd00000, 0x00000007aab00000)
  object space 209920K, 92% used [0x0000000780000000,0x000000078bdc5fb8,0x000000078cd00000)
 Metaspace       used 74405K, capacity 77798K, committed 77912K, reserved 1118208K
  class space    used 9564K, capacity 10109K, committed 10112K, reserved 1048576K

Deoptimization events (10 events):
Event: 3180.344 Thread 0x00007fbce8689800 Uncommon trap: reason=class_check action=maybe_recompile pc=0x00000001126c8340 method=com.google.gson.stream.JsonWriter.beforeValue(Z)V @ 132
Event: 3180.344 Thread 0x00007fbce8689800 Uncommon trap: reason=unstable_if action=reinterpret pc=0x000000011274676c method=com.android.ide.common.blame.SourceFile.equals(Ljava/lang/Object;)Z @ 2
Event: 3180.353 Thread 0x00007fbce8689800 Uncommon trap: reason=class_check action=maybe_recompile pc=0x00000001126c8340 method=com.google.gson.stream.JsonWriter.beforeValue(Z)V @ 132
Event: 3236.412 Thread 0x00007fbce9dcb800 Uncommon trap: reason=null_check action=make_not_entrant pc=0x0000000111ad7e9c method=com.android.ide.common.xml.XmlPrettyPrinter.printOpenElementTag(ILorg/w3c/dom/Node;)V @ 207
Event: 3249.481 Thread 0x00007fbce5596000 Uncommon trap: reason=bimorphic action=maybe_recompile pc=0x0000000110899be0 method=com.google.common.collect.Maps$EntryFunction$2.apply(Ljava/util/Map$Entry;)Ljava/lang/Object; @ 1
Event: 3249.481 Thread 0x00007fbce5596000 Uncommon trap: reason=bimorphic action=maybe_recompile pc=0x0000000110899be0 method=com.google.common.collect.Maps$EntryFunction$2.apply(Ljava/util/Map$Entry;)Ljava/lang/Object; @ 1
Event: 3249.482 Thread 0x00007fbce5596000 Uncommon trap: reason=bimorphic action=maybe_recompile pc=0x0000000110899be0 method=com.google.common.collect.Maps$EntryFunction$2.apply(Ljava/util/Map$Entry;)Ljava/lang/Object; @ 1
Event: 3249.482 Thread 0x00007fbce5596000 Uncommon trap: reason=bimorphic action=maybe_recompile pc=0x0000000110899be0 method=com.google.common.collect.Maps$EntryFunction$2.apply(Ljava/util/Map$Entry;)Ljava/lang/Object; @ 1
Event: 3249.482 Thread 0x00007fbce5596000 Uncommon trap: reason=bimorphic action=maybe_recompile pc=0x000000011126bc00 method=com.google.common.collect.ForwardingMapEntry.getKey()Ljava/lang/Object; @ 4
Event: 3249.482 Thread 0x00007fbce5596000 Uncommon trap: reason=bimorphic action=maybe_recompile pc=0x000000011126bc00 method=com.google.common.collect.ForwardingMapEntry.getKey()Ljava/lang/Object; @ 4

Internal exceptions (10 events):
Event: 3111.434 Thread 0x00007fbce5596000 Implicit null exception at 0x0000000110b3611a to 0x0000000110b3db85
Event: 3116.212 Thread 0x00007fbce5596000 Exception <a 'java/lang/ClassNotFoundException': com/android/build/gradle/internal/LibraryCache$1BeanInfo> (0x00000007b3631568) thrown at [/HUDSON3/workspace/8-2-build-macosx-x86_64/jdk8u101/7261/hotspot/src/share/vm/classfile/systemDictionary.cpp, line 2
Event: 3116.212 Thread 0x00007fbce5596000 Exception <a 'java/lang/ClassNotFoundException': com/android/build/gradle/internal/LibraryCache$1Customizer> (0x00000007b3643b20) thrown at [/HUDSON3/workspace/8-2-build-macosx-x86_64/jdk8u101/7261/hotspot/src/share/vm/classfile/systemDictionary.cpp, line
Event: 3116.213 Thread 0x00007fbce5596000 Implicit null exception at 0x000000011036d9c9 to 0x000000011036e499
Event: 3116.214 Thread 0x00007fbce5596000 Implicit null exception at 0x00000001104b3049 to 0x00000001104b3b19
Event: 3116.214 Thread 0x00007fbce5596000 Implicit null exception at 0x000000010fb06542 to 0x000000010fb06bed
Event: 3124.952 Thread 0x00007fbce5596000 Implicit null exception at 0x000000011195fa57 to 0x0000000111960b21
Event: 3132.018 Thread 0x00007fbce5596000 Implicit null exception at 0x0000000110063338 to 0x00000001100636ab
Event: 3135.669 Thread 0x00007fbce5596000 Implicit null exception at 0x0000000111e6ad10 to 0x0000000111e6f205
Event: 3141.156 Thread 0x00007fbce5596000 Exception <a 'java/lang/NoSuchMethodError': <clinit>> (0x00000007af9a5230) thrown at [/HUDSON3/workspace/8-2-build-macosx-x86_64/jdk8u101/7261/hotspot/src/share/vm/prims/jni.cpp, line 1613]

Events (10 events):
Event: 3250.502 Thread 0x00007fbce4878000 flushing nmethod 0x0000000112915bd0
Event: 3250.502 Thread 0x00007fbce4878000 flushing nmethod 0x0000000112923f90
Event: 3250.602 Thread 0x00007fbce98e3800 Thread exited: 0x00007fbce98e3800
Event: 3250.898 Executing VM operation: RevokeBias
Event: 3250.898 Executing VM operation: RevokeBias done
Event: 3250.899 Executing VM operation: RevokeBias
Event: 3250.899 Executing VM operation: RevokeBias done
Event: 3250.900 Executing VM operation: RevokeBias
Event: 3250.900 Executing VM operation: RevokeBias done
Event: 3250.906 Executing VM operation: ParallelGCFailedAllocation


Dynamic libraries:
0x000000000774d000 	/System/Library/Frameworks/Cocoa.framework/Versions/A/Cocoa
0x000000000774d000 	/System/Library/Frameworks/Security.framework/Versions/A/Security
0x000000000774d000 	/System/Library/Frameworks/ApplicationServices.framework/Versions/A/ApplicationServices
0x000000000774d000 	/usr/lib/libz.1.dylib
0x000000000774d000 	/usr/lib/libSystem.B.dylib
0x000000000774d000 	/usr/lib/libobjc.A.dylib
0x000000000774d000 	/System/Library/Frameworks/CoreFoundation.framework/Versions/A/CoreFoundation
0x000000000774d000 	/System/Library/Frameworks/Foundation.framework/Versions/C/Foundation
0x000000000774d000 	/System/Library/Frameworks/AppKit.framework/Versions/C/AppKit
0x000000000774d000 	/System/Library/Frameworks/CoreData.framework/Versions/A/CoreData
0x000000000774d000 	/System/Library/PrivateFrameworks/RemoteViewServices.framework/Versions/A/RemoteViewServices
0x000000000774d000 	/System/Library/PrivateFrameworks/UIFoundation.framework/Versions/A/UIFoundation
0x000000000774d000 	/System/Library/Frameworks/IOSurface.framework/Versions/A/IOSurface
0x000000000774d000 	/System/Library/Frameworks/AudioToolbox.framework/Versions/A/AudioToolbox
0x000000000774d000 	/System/Library/Frameworks/AudioUnit.framework/Versions/A/AudioUnit
0x000000000774d000 	/System/Library/PrivateFrameworks/DataDetectorsCore.framework/Versions/A/DataDetectorsCore
0x000000000774d000 	/System/Library/PrivateFrameworks/DesktopServicesPriv.framework/Versions/A/DesktopServicesPriv
0x000000000774d000 	/System/Library/Frameworks/Carbon.framework/Versions/A/Frameworks/HIToolbox.framework/Versions/A/HIToolbox
0x000000000774d000 	/System/Library/Frameworks/QuartzCore.framework/Versions/A/QuartzCore
0x000000000774d000 	/System/Library/Frameworks/Carbon.framework/Versions/A/Frameworks/SpeechRecognition.framework/Versions/A/SpeechRecognition
0x000000000774d000 	/usr/lib/libauto.dylib
0x000000000774d000 	/usr/lib/libicucore.A.dylib
0x000000000774d000 	/usr/lib/libxml2.2.dylib
0x000000000774d000 	/System/Library/PrivateFrameworks/CoreUI.framework/Versions/A/CoreUI
0x000000000774d000 	/System/Library/Frameworks/CoreAudio.framework/Versions/A/CoreAudio
0x000000000774d000 	/System/Library/Frameworks/DiskArbitration.framework/Versions/A/DiskArbitration
0x000000000774d000 	/usr/lib/liblangid.dylib
0x000000000774d000 	/System/Library/PrivateFrameworks/MultitouchSupport.framework/Versions/A/MultitouchSupport
0x000000000774d000 	/System/Library/Frameworks/IOKit.framework/Versions/A/IOKit
0x000000000774d000 	/usr/lib/libDiagnosticMessagesClient.dylib
0x000000000774d000 	/System/Library/Frameworks/CoreServices.framework/Versions/A/CoreServices
0x000000000774d000 	/System/Library/PrivateFrameworks/PerformanceAnalysis.framework/Versions/A/PerformanceAnalysis
0x000000000774d000 	/System/Library/PrivateFrameworks/GenerationalStorage.framework/Versions/A/GenerationalStorage
0x000000000774d000 	/System/Library/Frameworks/OpenGL.framework/Versions/A/OpenGL
0x000000000774d000 	/System/Library/PrivateFrameworks/Sharing.framework/Versions/A/Sharing
0x000000000774d000 	/System/Library/Frameworks/CoreGraphics.framework/Versions/A/CoreGraphics
0x000000000774d000 	/System/Library/Frameworks/CoreText.framework/Versions/A/CoreText
0x000000000774d000 	/System/Library/Frameworks/ImageIO.framework/Versions/A/ImageIO
0x000000000774d000 	/usr/lib/libextension.dylib
0x000000000774d000 	/System/Library/PrivateFrameworks/Backup.framework/Versions/A/Backup
0x000000000774d000 	/usr/lib/libarchive.2.dylib
0x000000000774d000 	/System/Library/Frameworks/CFNetwork.framework/Versions/A/CFNetwork
0x000000000774d000 	/System/Library/Frameworks/SystemConfiguration.framework/Versions/A/SystemConfiguration
0x000000000774d000 	/usr/lib/libCRFSuite.dylib
0x000000000774d000 	/usr/lib/libc++.1.dylib
0x000000000774d000 	/usr/lib/libc++abi.dylib
0x000000000774d000 	/usr/lib/system/libcache.dylib
0x000000000774d000 	/usr/lib/system/libcommonCrypto.dylib
0x000000000774d000 	/usr/lib/system/libcompiler_rt.dylib
0x000000000774d000 	/usr/lib/system/libcopyfile.dylib
0x000000000774d000 	/usr/lib/system/libcorecrypto.dylib
0x000000000774d000 	/usr/lib/system/libdispatch.dylib
0x000000000774d000 	/usr/lib/system/libdyld.dylib
0x000000000774d000 	/usr/lib/system/libkeymgr.dylib
0x000000000774d000 	/usr/lib/system/liblaunch.dylib
0x000000000774d000 	/usr/lib/system/libmacho.dylib
0x000000000774d000 	/usr/lib/system/libquarantine.dylib
0x000000000774d000 	/usr/lib/system/libremovefile.dylib
0x000000000774d000 	/usr/lib/system/libsystem_asl.dylib
0x000000000774d000 	/usr/lib/system/libsystem_blocks.dylib
0x000000000774d000 	/usr/lib/system/libsystem_c.dylib
0x000000000774d000 	/usr/lib/system/libsystem_configuration.dylib
0x000000000774d000 	/usr/lib/system/libsystem_coreservices.dylib
0x000000000774d000 	/usr/lib/system/libsystem_coretls.dylib
0x000000000774d000 	/usr/lib/system/libsystem_dnssd.dylib
0x000000000774d000 	/usr/lib/system/libsystem_info.dylib
0x000000000774d000 	/usr/lib/system/libsystem_kernel.dylib
0x000000000774d000 	/usr/lib/system/libsystem_m.dylib
0x000000000774d000 	/usr/lib/system/libsystem_malloc.dylib
0x000000000774d000 	/usr/lib/system/libsystem_network.dylib
0x000000000774d000 	/usr/lib/system/libsystem_networkextension.dylib
0x000000000774d000 	/usr/lib/system/libsystem_notify.dylib
0x000000000774d000 	/usr/lib/system/libsystem_platform.dylib
0x000000000774d000 	/usr/lib/system/libsystem_pthread.dylib
0x000000000774d000 	/usr/lib/system/libsystem_sandbox.dylib
0x000000000774d000 	/usr/lib/system/libsystem_secinit.dylib
0x000000000774d000 	/usr/lib/system/libsystem_stats.dylib
0x000000000774d000 	/usr/lib/system/libsystem_trace.dylib
0x000000000774d000 	/usr/lib/system/libunc.dylib
0x000000000774d000 	/usr/lib/system/libunwind.dylib
0x000000000774d000 	/usr/lib/system/libxpc.dylib
0x000000000774d000 	/usr/lib/libbz2.1.0.dylib
0x000000000774d000 	/usr/lib/liblzma.5.dylib
0x000000000774d000 	/usr/lib/libbsm.0.dylib
0x000000000774d000 	/usr/lib/libsqlite3.dylib
0x000000000774d000 	/usr/lib/system/libkxld.dylib
0x000000000774d000 	/usr/lib/libxar.1.dylib
0x000000000774d000 	/usr/lib/libpam.2.dylib
0x000000000774d000 	/usr/lib/libOpenScriptingUtil.dylib
0x000000000774d000 	/System/Library/Frameworks/CoreServices.framework/Versions/A/Frameworks/FSEvents.framework/Versions/A/FSEvents
0x000000000774d000 	/System/Library/Frameworks/CoreServices.framework/Versions/A/Frameworks/CarbonCore.framework/Versions/A/CarbonCore
0x000000000774d000 	/System/Library/Frameworks/CoreServices.framework/Versions/A/Frameworks/Metadata.framework/Versions/A/Metadata
0x000000000774d000 	/System/Library/Frameworks/CoreServices.framework/Versions/A/Frameworks/OSServices.framework/Versions/A/OSServices
0x000000000774d000 	/System/Library/Frameworks/CoreServices.framework/Versions/A/Frameworks/SearchKit.framework/Versions/A/SearchKit
0x000000000774d000 	/System/Library/Frameworks/CoreServices.framework/Versions/A/Frameworks/AE.framework/Versions/A/AE
0x000000000774d000 	/System/Library/Frameworks/CoreServices.framework/Versions/A/Frameworks/LaunchServices.framework/Versions/A/LaunchServices
0x000000000774d000 	/System/Library/Frameworks/CoreServices.framework/Versions/A/Frameworks/DictionaryServices.framework/Versions/A/DictionaryServices
0x000000000774d000 	/System/Library/Frameworks/NetFS.framework/Versions/A/NetFS
0x000000000774d000 	/System/Library/PrivateFrameworks/NetAuth.framework/Versions/A/NetAuth
0x000000000774d000 	/System/Library/PrivateFrameworks/login.framework/Versions/A/Frameworks/loginsupport.framework/Versions/A/loginsupport
0x000000000774d000 	/System/Library/PrivateFrameworks/TCC.framework/Versions/A/TCC
0x000000000774d000 	/usr/lib/libmecabra.dylib
0x000000000774d000 	/System/Library/Frameworks/ApplicationServices.framework/Versions/A/Frameworks/ATS.framework/Versions/A/ATS
0x000000000774d000 	/System/Library/Frameworks/ApplicationServices.framework/Versions/A/Frameworks/ColorSync.framework/Versions/A/ColorSync
0x000000000774d000 	/System/Library/Frameworks/ApplicationServices.framework/Versions/A/Frameworks/HIServices.framework/Versions/A/HIServices
0x000000000774d000 	/System/Library/Frameworks/ApplicationServices.framework/Versions/A/Frameworks/LangAnalysis.framework/Versions/A/LangAnalysis
0x000000000774d000 	/System/Library/Frameworks/ApplicationServices.framework/Versions/A/Frameworks/PrintCore.framework/Versions/A/PrintCore
0x000000000774d000 	/System/Library/Frameworks/ApplicationServices.framework/Versions/A/Frameworks/QD.framework/Versions/A/QD
0x000000000774d000 	/System/Library/Frameworks/ApplicationServices.framework/Versions/A/Frameworks/SpeechSynthesis.framework/Versions/A/SpeechSynthesis
0x000000000774d000 	/System/Library/Frameworks/Accelerate.framework/Versions/A/Accelerate
0x000000000774d000 	/System/Library/Frameworks/Accelerate.framework/Versions/A/Frameworks/vImage.framework/Versions/A/vImage
0x000000000774d000 	/System/Library/Frameworks/Accelerate.framework/Versions/A/Frameworks/vecLib.framework/Versions/A/vecLib
0x000000000774d000 	/System/Library/Frameworks/Accelerate.framework/Versions/A/Frameworks/vecLib.framework/Versions/A/libvDSP.dylib
0x000000000774d000 	/System/Library/Frameworks/Accelerate.framework/Versions/A/Frameworks/vecLib.framework/Versions/A/libvMisc.dylib
0x000000000774d000 	/System/Library/Frameworks/Accelerate.framework/Versions/A/Frameworks/vecLib.framework/Versions/A/libLAPACK.dylib
0x000000000774d000 	/System/Library/Frameworks/Accelerate.framework/Versions/A/Frameworks/vecLib.framework/Versions/A/libBLAS.dylib
0x000000000774d000 	/System/Library/Frameworks/Accelerate.framework/Versions/A/Frameworks/vecLib.framework/Versions/A/libLinearAlgebra.dylib
0x000000000774d000 	/System/Library/Frameworks/ApplicationServices.framework/Versions/A/Frameworks/ATS.framework/Versions/A/Resources/libFontParser.dylib
0x000000000774d000 	/System/Library/Frameworks/ApplicationServices.framework/Versions/A/Frameworks/ATS.framework/Versions/A/Resources/libFontRegistry.dylib
0x000000000774d000 	/System/Library/PrivateFrameworks/AppleVPA.framework/Versions/A/AppleVPA
0x000000000774d000 	/System/Library/PrivateFrameworks/AppleJPEG.framework/Versions/A/AppleJPEG
0x000000000774d000 	/System/Library/Frameworks/ImageIO.framework/Versions/A/Resources/libJPEG.dylib
0x000000000774d000 	/System/Library/Frameworks/ImageIO.framework/Versions/A/Resources/libTIFF.dylib
0x000000000774d000 	/System/Library/Frameworks/ImageIO.framework/Versions/A/Resources/libPng.dylib
0x000000000774d000 	/System/Library/Frameworks/ImageIO.framework/Versions/A/Resources/libGIF.dylib
0x000000000774d000 	/System/Library/Frameworks/ImageIO.framework/Versions/A/Resources/libJP2.dylib
0x000000000774d000 	/System/Library/Frameworks/ImageIO.framework/Versions/A/Resources/libRadiance.dylib
0x000000000774d000 	/System/Library/Frameworks/CoreVideo.framework/Versions/A/CoreVideo
0x000000000774d000 	/System/Library/Frameworks/OpenGL.framework/Versions/A/Libraries/libGLU.dylib
0x000000000774d000 	/System/Library/Frameworks/OpenGL.framework/Versions/A/Libraries/libGFXShared.dylib
0x000000000774d000 	/System/Library/Frameworks/OpenGL.framework/Versions/A/Libraries/libGL.dylib
0x000000000774d000 	/System/Library/Frameworks/OpenGL.framework/Versions/A/Libraries/libGLImage.dylib
0x000000000774d000 	/System/Library/Frameworks/OpenGL.framework/Versions/A/Libraries/libCVMSPluginSupport.dylib
0x000000000774d000 	/System/Library/Frameworks/OpenGL.framework/Versions/A/Libraries/libCoreVMClient.dylib
0x000000000774d000 	/usr/lib/libcups.2.dylib
0x000000000774d000 	/System/Library/Frameworks/Kerberos.framework/Versions/A/Kerberos
0x000000000774d000 	/System/Library/Frameworks/GSS.framework/Versions/A/GSS
0x000000000774d000 	/usr/lib/libresolv.9.dylib
0x000000000774d000 	/usr/lib/libiconv.2.dylib
0x000000000774d000 	/System/Library/PrivateFrameworks/Heimdal.framework/Versions/A/Heimdal
0x000000000774d000 	/usr/lib/libheimdal-asn1.dylib
0x000000000774d000 	/System/Library/Frameworks/OpenDirectory.framework/Versions/A/OpenDirectory
0x000000000774d000 	/System/Library/PrivateFrameworks/CommonAuth.framework/Versions/A/CommonAuth
0x000000000774d000 	/System/Library/Frameworks/OpenDirectory.framework/Versions/A/Frameworks/CFOpenDirectory.framework/Versions/A/CFOpenDirectory
0x000000000774d000 	/System/Library/Frameworks/SecurityFoundation.framework/Versions/A/SecurityFoundation
0x000000000774d000 	/System/Library/PrivateFrameworks/LanguageModeling.framework/Versions/A/LanguageModeling
0x000000000774d000 	/usr/lib/libcmph.dylib
0x000000000774d000 	/System/Library/Frameworks/ServiceManagement.framework/Versions/A/ServiceManagement
0x000000000774d000 	/usr/lib/libxslt.1.dylib
0x000000000774d000 	/System/Library/Frameworks/Carbon.framework/Versions/A/Frameworks/Ink.framework/Versions/A/Ink
0x000000000774d000 	/System/Library/Frameworks/QuartzCore.framework/Versions/A/Frameworks/CoreImage.framework/Versions/A/CoreImage
0x000000000774d000 	/System/Library/PrivateFrameworks/CrashReporterSupport.framework/Versions/A/CrashReporterSupport
0x000000000774d000 	/System/Library/Frameworks/OpenCL.framework/Versions/A/OpenCL
0x000000000774d000 	/System/Library/PrivateFrameworks/FaceCore.framework/Versions/A/FaceCore
0x000000000774d000 	/System/Library/PrivateFrameworks/Ubiquity.framework/Versions/A/Ubiquity
0x000000000774d000 	/System/Library/PrivateFrameworks/IconServices.framework/Versions/A/IconServices
0x000000000774d000 	/System/Library/PrivateFrameworks/ChunkingLibrary.framework/Versions/A/ChunkingLibrary
0x000000000774d000 	/System/Library/PrivateFrameworks/Apple80211.framework/Versions/A/Apple80211
0x000000000774d000 	/System/Library/Frameworks/CoreWLAN.framework/Versions/A/CoreWLAN
0x000000000774d000 	/System/Library/Frameworks/IOBluetooth.framework/Versions/A/IOBluetooth
0x000000000774d000 	/System/Library/PrivateFrameworks/CoreWiFi.framework/Versions/A/CoreWiFi
0x000000000774d000 	/System/Library/Frameworks/CoreBluetooth.framework/Versions/A/CoreBluetooth
0x000000000774d000 	/System/Library/PrivateFrameworks/DebugSymbols.framework/Versions/A/DebugSymbols
0x000000000774d000 	/System/Library/PrivateFrameworks/CoreSymbolication.framework/Versions/A/CoreSymbolication
0x000000000774d000 	/System/Library/PrivateFrameworks/Symbolication.framework/Versions/A/Symbolication
0x000000000774d000 	/System/Library/PrivateFrameworks/SpeechRecognitionCore.framework/Versions/A/SpeechRecognitionCore
0x000000010e000000 	/Library/Java/JavaVirtualMachines/jdk1.8.0_101.jdk/Contents/Home/jre/lib/server/libjvm.dylib
0x000000000774d000 	/usr/lib/libstdc++.6.dylib
0x000000010d75f000 	/Library/Java/JavaVirtualMachines/jdk1.8.0_101.jdk/Contents/Home/jre/lib/libverify.dylib
0x000000010d76d000 	/Library/Java/JavaVirtualMachines/jdk1.8.0_101.jdk/Contents/Home/jre/lib/libjava.dylib
0x000000010d7ac000 	/Library/Java/JavaVirtualMachines/jdk1.8.0_101.jdk/Contents/Home/jre/lib/libzip.dylib
0x0000000122a70000 	/System/Library/Frameworks/JavaVM.framework/Frameworks/JavaRuntimeSupport.framework/JavaRuntimeSupport
0x0000000122a88000 	/System/Library/Frameworks/JavaVM.framework/Versions/A/Frameworks/JavaNativeFoundation.framework/Versions/A/JavaNativeFoundation
0x000000010d7f2000 	/System/Library/Frameworks/JavaVM.framework/Versions/A/JavaVM
0x000000000774d000 	/System/Library/Frameworks/Carbon.framework/Versions/A/Carbon
0x0000000122a9d000 	/System/Library/PrivateFrameworks/JavaLaunching.framework/Versions/A/JavaLaunching
0x000000000774d000 	/System/Library/Frameworks/Carbon.framework/Versions/A/Frameworks/CommonPanels.framework/Versions/A/CommonPanels
0x000000000774d000 	/System/Library/Frameworks/Carbon.framework/Versions/A/Frameworks/Help.framework/Versions/A/Help
0x000000000774d000 	/System/Library/Frameworks/Carbon.framework/Versions/A/Frameworks/ImageCapture.framework/Versions/A/ImageCapture
0x000000000774d000 	/System/Library/Frameworks/Carbon.framework/Versions/A/Frameworks/OpenScripting.framework/Versions/A/OpenScripting
0x000000000774d000 	/System/Library/Frameworks/Carbon.framework/Versions/A/Frameworks/Print.framework/Versions/A/Print
0x000000000774d000 	/System/Library/Frameworks/Carbon.framework/Versions/A/Frameworks/SecurityHI.framework/Versions/A/SecurityHI
0x0000000124d05000 	/Library/Java/JavaVirtualMachines/jdk1.8.0_101.jdk/Contents/Home/jre/lib/libnet.dylib
0x0000000124d1c000 	/Library/Java/JavaVirtualMachines/jdk1.8.0_101.jdk/Contents/Home/jre/lib/libnio.dylib
0x0000000124d2c000 	/Users/digipronto/.gradle/native/19/osx-amd64/libnative-platform.dylib
0x0000000124b1c000 	/Library/Java/JavaVirtualMachines/jdk1.8.0_101.jdk/Contents/Home/jre/lib/libmanagement.dylib

VM Arguments:
jvm_args: -XX:MaxPermSize=256m -XX:+HeapDumpOnOutOfMemoryError -Xmx1024m -Dfile.encoding=UTF-8 -Duser.country=BR -Duser.language=pt -Duser.variant 
java_command: org.gradle.launcher.daemon.bootstrap.GradleDaemon 2.14.1
java_class_path (initial): /Users/digipronto/Desktop/Android Studio.app/Contents/gradle/gradle-2.14.1/lib/gradle-launcher-2.14.1.jar
Launcher Type: SUN_STANDARD

Environment Variables:
PATH=/usr/bin:/bin:/usr/sbin:/sbin
SHELL=/bin/bash

Signal Handlers:
SIGSEGV: [libjvm.dylib+0x5af145], sa_mask[0]=11111111011111110111111111111111, sa_flags=SA_ONSTACK|SA_RESTART|SA_SIGINFO
SIGBUS: [libjvm.dylib+0x5af145], sa_mask[0]=11111111011111110111111111111111, sa_flags=SA_RESTART|SA_SIGINFO
SIGFPE: [libjvm.dylib+0x48694c], sa_mask[0]=11111111011111110111111111111111, sa_flags=SA_RESTART|SA_SIGINFO
SIGPIPE: [libjvm.dylib+0x48694c], sa_mask[0]=11111111011111110111111111111111, sa_flags=SA_RESTART|SA_SIGINFO
SIGXFSZ: [libjvm.dylib+0x48694c], sa_mask[0]=11111111011111110111111111111111, sa_flags=SA_RESTART|SA_SIGINFO
SIGILL: [libjvm.dylib+0x48694c], sa_mask[0]=11111111011111110111111111111111, sa_flags=SA_RESTART|SA_SIGINFO
SIGUSR1: SIG_DFL, sa_mask[0]=00000000000000000000000000000000, sa_flags=none
SIGUSR2: [libjvm.dylib+0x48646a], sa_mask[0]=00100000000000000000000000000000, sa_flags=SA_RESTART|SA_SIGINFO
SIGHUP: [libjvm.dylib+0x484a41], sa_mask[0]=11111111011111110111111111111111, sa_flags=SA_RESTART|SA_SIGINFO
SIGINT: [libjvm.dylib+0x484a41], sa_mask[0]=11111111011111110111111111111111, sa_flags=SA_RESTART|SA_SIGINFO
SIGTERM: [libjvm.dylib+0x484a41], sa_mask[0]=11111111011111110111111111111111, sa_flags=SA_RESTART|SA_SIGINFO
SIGQUIT: [libjvm.dylib+0x484a41], sa_mask[0]=11111111011111110111111111111111, sa_flags=SA_RESTART|SA_SIGINFO


---------------  S Y S T E M  ---------------

OS:Bsduname:Darwin 14.1.0 Darwin Kernel Version 14.1.0: Mon Dec 22 23:10:38 PST 2014; root:xnu-2782.10.72~2/RELEASE_X86_64 x86_64
rlimit: STACK 8192k, CORE 0k, NPROC 709, NOFILE 10240, AS infinity
load average:22.81 11.58 7.53

CPU:total 4 (2 cores per cpu, 2 threads per core) family 6 model 58 stepping 9, cmov, cx8, fxsr, mmx, sse, sse2, sse3, ssse3, sse4.1, sse4.2, popcnt, avx, aes, clmul, erms, ht, tsc, tscinvbit, tscinv

Memory: 4k page, physical 8388608k(228632k free)

/proc/meminfo:


vm_info: Java HotSpot(TM) 64-Bit Server VM (25.101-b13) for bsd-amd64 JRE (1.8.0_101-b13), built on Jun 22 2016 02:42:15 by "java_re" with gcc 4.2.1 (Based on Apple Inc. build 5658) (LLVM build 2336.11.00)

time: Tue Nov  8 11:22:19 2016
elapsed time: 3251 seconds (0d 0h 54m 11s)

